<?xml version="1.0" encoding="UTF-8"?>
<!-- Generated by org.testng.reporters.JUnitXMLReporter -->
<testsuite ignored="0" hostname="azw-wcauto-01" failures="0" tests="5" name="Rehire" time="97.364" errors="0" timestamp="01 Sep 2020 06:50:02 GMT">
  <testcase classname="TestCases.RehireTerminatedUser_1003" name="ValidateRehireEventNotTriggered" time="67.391"/>
  <testcase classname="TestCases.RehireTerminatedUser_1001" name="ValidateRehireEventTrigger" time="17.728"/>
  <testcase classname="TestCases.RehireTerminatedUser_1001" name="ValidatingEnterpriseDirectoryAttributes" time="9.509"/>
  <testcase classname="TestCases.RehireTerminatedUser_1001" name="ValidatingActiveDirectoryAttributes" time="0.607"/>
  <testcase classname="TestCases.RehireTerminatedUser_1001" name="VerifyEntitlements" time="0.885"/>
</testsuite> <!-- Rehire -->
