<?xml version="1.0" encoding="UTF-8"?>
<testsuite xmlns:xsi="http://www.w3.org/2001/XMLSchema-instance" xsi:noNamespaceSchemaLocation="https://maven.apache.org/surefire/maven-surefire-plugin/xsd/surefire-test-report-3.0.xsd" version="3.0" name="TestSuite" time="101.274" tests="3" errors="0" skipped="0" failures="0">
  <properties>
[...]
</properties>
  <testcase name="invoke" classname="SeleniumAutomation.InvokeTest" time="35.7"/>
  <testcase name="Test" classname="SeleniumAutomation.JoinNowTest" time="12.061"/>
  <testcase name="TextValidation" classname="SeleniumAutomation.CoursesValidation" time="0.2"/>
</testsuite>