<?xml version="1.0" encoding="UTF-8"?>
<testng-results ignored="0" total="3" passed="3" failed="0" skipped="0">
  <reporter-output>
  </reporter-output>
  <suite started-at="2020-04-20T16:25:39Z" name="Suite" finished-at="2020-04-20T16:27:14Z" duration-ms="95217">
    <groups>
    </groups>
    <test started-at="2020-04-20T16:25:39Z" name="InvokeTest" finished-at="2020-04-20T16:26:40Z" duration-ms="61160">
      <class name="SeleniumAutomation.InvokeTest">
        <test-method is-config="true" signature="Initialize()[pri:0, instance:SeleniumAutomation.InvokeTest@fa4c865]" started-at="2020-04-20T16:25:39Z" name="Initialize" finished-at="2020-04-20T16:26:02Z" duration-ms="22710" status="PASS">
          <reporter-output>
          </reporter-output>
        </test-method> <!-- Initialize -->
        <test-method signature="invoke(java.lang.String, java.lang.String)[pri:0, instance:SeleniumAutomation.InvokeTest@fa4c865]" started-at="2020-04-20T16:26:02Z" name="invoke" data-provider="getData" finished-at="2020-04-20T16:26:38Z" duration-ms="35863" status="PASS">
          <params>
            <param index="0">
              <value>
                <![CDATA[gurunathannataraj@gmail.com]]>
              </value>
            </param>
            <param index="1">
              <value>
                <![CDATA[guruspartan77]]>
              </value>
            </param>
          </params>
          <reporter-output>
          </reporter-output>
        </test-method> <!-- invoke -->
        <test-method is-config="true" signature="TearDown()[pri:0, instance:SeleniumAutomation.InvokeTest@fa4c865]" started-at="2020-04-20T16:26:38Z" name="TearDown" finished-at="2020-04-20T16:26:40Z" duration-ms="2523" status="PASS">
          <reporter-output>
          </reporter-output>
        </test-method> <!-- TearDown -->
      </class> <!-- SeleniumAutomation.InvokeTest -->
    </test> <!-- InvokeTest -->
    <test started-at="2020-04-20T16:26:41Z" name="Test" finished-at="2020-04-20T16:27:03Z" duration-ms="22728">
      <class name="SeleniumAutomation.JoinNowTest">
        <test-method is-config="true" signature="Initialize()[pri:0, instance:SeleniumAutomation.JoinNowTest@5fbe4146]" started-at="2020-04-20T16:26:41Z" name="Initialize" finished-at="2020-04-20T16:26:50Z" duration-ms="9563" status="PASS">
          <reporter-output>
          </reporter-output>
        </test-method> <!-- Initialize -->
        <test-method signature="Test()[pri:0, instance:SeleniumAutomation.JoinNowTest@5fbe4146]" started-at="2020-04-20T16:26:50Z" name="Test" finished-at="2020-04-20T16:27:02Z" duration-ms="12070" status="PASS">
          <reporter-output>
          </reporter-output>
        </test-method> <!-- Test -->
        <test-method is-config="true" signature="Teardown()[pri:0, instance:SeleniumAutomation.JoinNowTest@5fbe4146]" started-at="2020-04-20T16:27:02Z" name="Teardown" finished-at="2020-04-20T16:27:03Z" duration-ms="1088" status="PASS">
          <reporter-output>
          </reporter-output>
        </test-method> <!-- Teardown -->
      </class> <!-- SeleniumAutomation.JoinNowTest -->
    </test> <!-- Test -->
    <test started-at="2020-04-20T16:27:04Z" name="CourseValidation" finished-at="2020-04-20T16:27:14Z" duration-ms="10949">
      <class name="SeleniumAutomation.CoursesValidation">
        <test-method is-config="true" signature="Initialize()[pri:0, instance:SeleniumAutomation.CoursesValidation@65d09a04]" started-at="2020-04-20T16:27:04Z" name="Initialize" finished-at="2020-04-20T16:27:14Z" duration-ms="10436" status="PASS">
          <reporter-output>
          </reporter-output>
        </test-method> <!-- Initialize -->
        <test-method signature="TextValidation()[pri:0, instance:SeleniumAutomation.CoursesValidation@65d09a04]" started-at="2020-04-20T16:27:14Z" name="TextValidation" finished-at="2020-04-20T16:27:14Z" duration-ms="191" status="PASS">
          <reporter-output>
          </reporter-output>
        </test-method> <!-- TextValidation -->
        <test-method is-config="true" signature="teardown()[pri:0, instance:SeleniumAutomation.CoursesValidation@65d09a04]" started-at="2020-04-20T16:27:14Z" name="teardown" finished-at="2020-04-20T16:27:14Z" duration-ms="320" status="PASS">
          <reporter-output>
          </reporter-output>
        </test-method> <!-- teardown -->
      </class> <!-- SeleniumAutomation.CoursesValidation -->
    </test> <!-- CourseValidation -->
  </suite> <!-- Suite -->
</testng-results>
