<?xml version="1.0" encoding="UTF-8"?>
<testng-results ignored="0" total="5" passed="5" failed="0" skipped="0">
  <reporter-output>
  </reporter-output>
  <suite started-at="2020-09-01T06:48:24Z" name="Suite" finished-at="2020-09-01T06:50:02Z" duration-ms="97364">
    <groups>
    </groups>
    <test started-at="2020-09-01T06:48:24Z" name="Rehire" finished-at="2020-09-01T06:50:02Z" duration-ms="97364">
      <class name="TestCases.RehireTerminatedUser_1003">
        <test-method signature="ValidateRehireEventNotTriggered(java.lang.String, java.lang.String)[pri:0, instance:TestCases.RehireTerminatedUser_1003@768b970c]" started-at="2020-09-01T06:48:24Z" name="ValidateRehireEventNotTriggered" data-provider="ValidateRehireEventNotTriggeredData" finished-at="2020-09-01T06:49:32Z" duration-ms="67391" status="PASS">
          <params>
            <param index="0">
              <value>
                <![CDATA[IQ0473]]>
              </value>
            </param>
            <param index="1">
              <value>
                <![CDATA[pgRehireEventTrigger]]>
              </value>
            </param>
          </params>
          <reporter-output>
          </reporter-output>
        </test-method> <!-- ValidateRehireEventNotTriggered -->
        <test-method is-config="true" signature="Close()[pri:0, instance:TestCases.RehireTerminatedUser_1003@768b970c]" started-at="2020-09-01T06:49:32Z" name="Close" finished-at="2020-09-01T06:49:32Z" duration-ms="603" status="PASS">
          <reporter-output>
          </reporter-output>
        </test-method> <!-- Close -->
      </class> <!-- TestCases.RehireTerminatedUser_1003 -->
      <class name="TestCases.RehireTerminatedUser_1001">
        <test-method signature="ValidateRehireEventTrigger(java.lang.String, java.lang.String, java.lang.String)[pri:1, instance:TestCases.RehireTerminatedUser_1001@5a4041cc]" started-at="2020-09-01T06:49:32Z" name="ValidateRehireEventTrigger" data-provider="ValidateRehireEventTriggerData" finished-at="2020-09-01T06:49:50Z" duration-ms="17728" status="PASS">
          <params>
            <param index="0">
              <value>
                <![CDATA[EJ3733]]>
              </value>
            </param>
            <param index="1">
              <value>
                <![CDATA[pgRehireEventTrigger]]>
              </value>
            </param>
            <param index="2">
              <value>
                <![CDATA[Rehire]]>
              </value>
            </param>
          </params>
          <reporter-output>
          </reporter-output>
        </test-method> <!-- ValidateRehireEventTrigger -->
        <test-method signature="ValidatingEnterpriseDirectoryAttributes(java.lang.String, java.lang.String, java.lang.String, java.lang.String, java.lang.String, java.lang.String, java.lang.String, java.lang.String, java.lang.String, java.lang.String, java.lang.String, java.lang.String, java.lang.String, java.lang.String, java.lang.String, java.lang.String)[pri:2, instance:TestCases.RehireTerminatedUser_1001@5a4041cc]" started-at="2020-09-01T06:49:50Z" name="ValidatingEnterpriseDirectoryAttributes" data-provider="ValidatingEnterpriseDirectoryAttributesData" finished-at="2020-09-01T06:50:00Z" duration-ms="9509" status="PASS">
          <params>
            <param index="0">
              <value>
                <![CDATA[EJ3733]]>
              </value>
            </param>
            <param index="1">
              <value>
                <![CDATA[Stephen]]>
              </value>
            </param>
            <param index="2">
              <value>
                <![CDATA[SA]]>
              </value>
            </param>
            <param index="3">
              <value>
                <![CDATA[Crawford]]>
              </value>
            </param>
            <param index="4">
              <value>
                <![CDATA[crawford.sa]]>
              </value>
            </param>
            <param index="5">
              <value>
                <![CDATA[crawford.sa]]>
              </value>
            </param>
            <param index="6">
              <value>
                <![CDATA[0]]>
              </value>
            </param>
            <param index="7">
              <value>
                <![CDATA[0]]>
              </value>
            </param>
            <param index="8">
              <value>
                <![CDATA[false]]>
              </value>
            </param>
            <param index="9">
              <value>
                <![CDATA[P]]>
              </value>
            </param>
            <param index="10">
              <value>
                <![CDATA[crawford.sa@pgdevone.mail.onmicrosoft.com]]>
              </value>
            </param>
            <param index="11">
              <value>
                <![CDATA[crawford.sa@pgdev.zone]]>
              </value>
            </param>
            <param index="12">
              <value>
                <![CDATA[crawford.sa@exchangemail.pgdev.com]]>
              </value>
            </param>
            <param index="13">
              <value>
                <![CDATA[crawford.sa@pgdev.zone]]>
              </value>
            </param>
            <param index="14">
              <value>
                <![CDATA[ej3733@pgdev.zone]]>
              </value>
            </param>
            <param index="15">
              <value>
                <![CDATA[active]]>
              </value>
            </param>
          </params>
          <reporter-output>
          </reporter-output>
        </test-method> <!-- ValidatingEnterpriseDirectoryAttributes -->
        <test-method signature="ValidatingActiveDirectoryAttributes(java.lang.String, java.lang.String, java.lang.String, java.lang.String, java.lang.String, java.lang.String, java.lang.String, java.lang.String)[pri:3, instance:TestCases.RehireTerminatedUser_1001@5a4041cc]" started-at="2020-09-01T06:50:00Z" name="ValidatingActiveDirectoryAttributes" data-provider="ValidatingActiveDirectoryAttributesData" finished-at="2020-09-01T06:50:00Z" duration-ms="607" status="PASS">
          <params>
            <param index="0">
              <value>
                <![CDATA[crawford.sa@pgdev.zone]]>
              </value>
            </param>
            <param index="1">
              <value>
                <![CDATA[crawford.sa]]>
              </value>
            </param>
            <param index="2">
              <value>
                <![CDATA[smtp:crawford.sa@exchangemail.pgdev.com]]>
              </value>
            </param>
            <param index="3">
              <value>
                <![CDATA[SMTP:crawford.sa@pgdev.zone]]>
              </value>
            </param>
            <param index="4">
              <value>
                <![CDATA[smtp:crawford.sa@pgdevone.mail.onmicrosoft.com]]>
              </value>
            </param>
            <param index="5">
              <value>
                <![CDATA[smtp:ej3733@pgdev.zone]]>
              </value>
            </param>
            <param index="6">
              <value>
                <![CDATA[SMTP:crawford.sa@pgdevone.mail.onmicrosoft.com]]>
              </value>
            </param>
            <param index="7">
              <value>
                <![CDATA[crawford.sa@pgdev.wtf.pg.com]]>
              </value>
            </param>
          </params>
          <reporter-output>
          </reporter-output>
        </test-method> <!-- ValidatingActiveDirectoryAttributes -->
        <test-method signature="VerifyEntitlements()[pri:4, instance:TestCases.RehireTerminatedUser_1001@5a4041cc]" started-at="2020-09-01T06:50:00Z" name="VerifyEntitlements" finished-at="2020-09-01T06:50:01Z" duration-ms="885" status="PASS">
          <reporter-output>
          </reporter-output>
        </test-method> <!-- VerifyEntitlements -->
        <test-method is-config="true" signature="Close()[pri:0, instance:TestCases.RehireTerminatedUser_1001@5a4041cc]" started-at="2020-09-01T06:50:01Z" name="Close" finished-at="2020-09-01T06:50:02Z" duration-ms="608" status="PASS">
          <reporter-output>
          </reporter-output>
        </test-method> <!-- Close -->
      </class> <!-- TestCases.RehireTerminatedUser_1001 -->
    </test> <!-- Rehire -->
  </suite> <!-- Suite -->
</testng-results>
